[21]
Level: 0

[21, 22]
Level: 1

[23]
Level: 0

[24, 23]
Level: 1

[9]
Level: 0

[9, 10]
Level: 1

[11]
Level: 0

[11, 12, 13, 14]
Level: 1

[13]
Level: 0

[24]
Level: 0

[15]
Level: 0

[16, 15]
Level: 1

[26]
Level: 0

[25, 26]
Level: 1

[1]
Level: 0

[0, 1, 2, 3, 4]
Level: 1

[3]
Level: 0

[5]
Level: 0

[8, 5, 6, 7]
Level: 1

[16]
Level: 0

[7]
Level: 0

[18]
Level: 0

[17, 18]
Level: 1

[20]
Level: 0

[19, 20]
Level: 1

[22]
Level: 0

[8]
Level: 0

[10]
Level: 0

[12]
Level: 0

[14]
Level: 0

[25]
Level: 0

[0]
Level: 0

[2]
Level: 0

[4]
Level: 0

[]
Level: 0

[6]
Level: 0

[17]
Level: 0

[19]
Level: 0

Starting with level 1
